Vercel CLI 48.8.2
WARN! Build not running on Vercel. System environment variables will not be available.
No Python version specified in pyproject.toml or Pipfile.lock. Using latest installed version: 3.12
Installing required dependencies from requirements.txt...
Using uv at "/usr/local/bin/uv"
No Python version specified in pyproject.toml or Pipfile.lock. Using latest installed version: 3.12
Installing required dependencies from requirements.txt...
Using uv at "/usr/local/bin/uv"
No Python version specified in pyproject.toml or Pipfile.lock. Using latest installed version: 3.12
Installing required dependencies from requirements.txt...
Using uv at "/usr/local/bin/uv"
No Python version specified in pyproject.toml or Pipfile.lock. Using latest installed version: 3.12
Installing required dependencies from requirements.txt...
Using uv at "/usr/local/bin/uv"
Detected `pnpm-lock.yaml` 9 which may be generated by pnpm@9.x or pnpm@10.x
Using pnpm@10.x based on project creation date
To use pnpm@9.x, manually opt in using corepack (https://vercel.com/docs/deployments/configure-a-build#corepack)
Installing dependencies...
 WARN  Unsupported engine: wanted: {"node":"20.x"} (current: {"node":"v25.1.0","pnpm":"10.20.0"})
Already up to date

Done in 443ms using pnpm v10.20.0
Detected `pnpm-lock.yaml` 9 which may be generated by pnpm@9.x or pnpm@10.x
Using pnpm@10.x based on project creation date
To use pnpm@9.x, manually opt in using corepack (https://vercel.com/docs/deployments/configure-a-build#corepack)
Detected `pnpm-lock.yaml` 9 which may be generated by pnpm@9.x or pnpm@10.x
Using pnpm@10.x based on project creation date
To use pnpm@9.x, manually opt in using corepack (https://vercel.com/docs/deployments/configure-a-build#corepack)
Detected `pnpm-lock.yaml` 9 which may be generated by pnpm@9.x or pnpm@10.x
Using pnpm@10.x based on project creation date
To use pnpm@9.x, manually opt in using corepack (https://vercel.com/docs/deployments/configure-a-build#corepack)
Detected `pnpm-lock.yaml` 9 which may be generated by pnpm@9.x or pnpm@10.x
Using pnpm@10.x based on project creation date
To use pnpm@9.x, manually opt in using corepack (https://vercel.com/docs/deployments/configure-a-build#corepack)
Detected `pnpm-lock.yaml` 9 which may be generated by pnpm@9.x or pnpm@10.x
Using pnpm@10.x based on project creation date
To use pnpm@9.x, manually opt in using corepack (https://vercel.com/docs/deployments/configure-a-build#corepack)
Build Completed in .vercel/output [9s]
